<?xml version="1.0" encoding="UTF-8"?>
<testsuite xmlns:xsi="http://www.w3.org/2001/XMLSchema-instance" xsi:noNamespaceSchemaLocation="https://maven.apache.org/surefire/maven-surefire-plugin/xsd/surefire-test-report-3.0.xsd" version="3.0" name="com.tomyoannromain.javajenkins.RunCucumberTests" time="0.217" tests="2" errors="0" skipped="0" failures="0">
  <properties>
    <property name="java.specification.version" value="16"/>
    <property name="sun.cpu.isalist" value="amd64"/>
    <property name="sun.jnu.encoding" value="Cp1252"/>
    <property name="java.class.path" value="C:\Users\Romain\Desktop\B3\JENKINS\projet final\java-jenkins\target\test-classes;C:\Users\Romain\Desktop\B3\JENKINS\projet final\java-jenkins\target\classes;C:\devEnv\apache-maven-3.8.1\repo\org\junit\jupiter\junit-jupiter\5.8.2\junit-jupiter-5.8.2.jar;C:\devEnv\apache-maven-3.8.1\repo\org\junit\jupiter\junit-jupiter-api\5.8.2\junit-jupiter-api-5.8.2.jar;C:\devEnv\apache-maven-3.8.1\repo\org\opentest4j\opentest4j\1.2.0\opentest4j-1.2.0.jar;C:\devEnv\apache-maven-3.8.1\repo\org\junit\platform\junit-platform-commons\1.8.2\junit-platform-commons-1.8.2.jar;C:\devEnv\apache-maven-3.8.1\repo\org\junit\jupiter\junit-jupiter-params\5.8.2\junit-jupiter-params-5.8.2.jar;C:\devEnv\apache-maven-3.8.1\repo\org\junit\jupiter\junit-jupiter-engine\5.8.2\junit-jupiter-engine-5.8.2.jar;C:\devEnv\apache-maven-3.8.1\repo\org\projectlombok\lombok\1.18.22\lombok-1.18.22.jar;C:\devEnv\apache-maven-3.8.1\repo\checkstyle\checkstyle\5.0\checkstyle-5.0.jar;C:\devEnv\apache-maven-3.8.1\repo\antlr\antlr\2.7.6\antlr-2.7.6.jar;C:\devEnv\apache-maven-3.8.1\repo\commons-beanutils\commons-beanutils-core\1.7.0\commons-beanutils-core-1.7.0.jar;C:\devEnv\apache-maven-3.8.1\repo\commons-collections\commons-collections\2.0\commons-collections-2.0.jar;C:\devEnv\apache-maven-3.8.1\repo\commons-cli\commons-cli\1.0\commons-cli-1.0.jar;C:\devEnv\apache-maven-3.8.1\repo\commons-lang\commons-lang\1.0\commons-lang-1.0.jar;C:\devEnv\apache-maven-3.8.1\repo\junit\junit\3.7\junit-3.7.jar;C:\devEnv\apache-maven-3.8.1\repo\commons-logging\commons-logging\1.0.3\commons-logging-1.0.3.jar;C:\devEnv\apache-maven-3.8.1\repo\com\google\collections\google-collections\0.9\google-collections-0.9.jar;C:\devEnv\apache-maven-3.8.1\repo\io\cucumber\cucumber-java\7.0.0\cucumber-java-7.0.0.jar;C:\devEnv\apache-maven-3.8.1\repo\io\cucumber\cucumber-core\7.0.0\cucumber-core-7.0.0.jar;C:\devEnv\apache-maven-3.8.1\repo\io\cucumber\cucumber-gherkin\7.0.0\cucumber-gherkin-7.0.0.jar;C:\devEnv\apache-maven-3.8.1\repo\io\cucumber\cucumber-gherkin-messages\7.0.0\cucumber-gherkin-messages-7.0.0.jar;C:\devEnv\apache-maven-3.8.1\repo\io\cucumber\messages\17.1.1\messages-17.1.1.jar;C:\devEnv\apache-maven-3.8.1\repo\io\cucumber\tag-expressions\4.0.2\tag-expressions-4.0.2.jar;C:\devEnv\apache-maven-3.8.1\repo\io\cucumber\cucumber-expressions\13.0.1\cucumber-expressions-13.0.1.jar;C:\devEnv\apache-maven-3.8.1\repo\io\cucumber\datatable\7.0.0\datatable-7.0.0.jar;C:\devEnv\apache-maven-3.8.1\repo\io\cucumber\cucumber-plugin\7.0.0\cucumber-plugin-7.0.0.jar;C:\devEnv\apache-maven-3.8.1\repo\io\cucumber\docstring\7.0.0\docstring-7.0.0.jar;C:\devEnv\apache-maven-3.8.1\repo\io\cucumber\html-formatter\17.0.0\html-formatter-17.0.0.jar;C:\devEnv\apache-maven-3.8.1\repo\io\cucumber\create-meta\6.0.1\create-meta-6.0.1.jar;C:\devEnv\apache-maven-3.8.1\repo\org\apiguardian\apiguardian-api\1.1.2\apiguardian-api-1.1.2.jar;C:\devEnv\apache-maven-3.8.1\repo\io\cucumber\cucumber-junit-platform-engine\7.0.0\cucumber-junit-platform-engine-7.0.0.jar;C:\devEnv\apache-maven-3.8.1\repo\org\junit\platform\junit-platform-engine\1.8.1\junit-platform-engine-1.8.1.jar;C:\devEnv\apache-maven-3.8.1\repo\org\junit\platform\junit-platform-suite\1.8.2\junit-platform-suite-1.8.2.jar;C:\devEnv\apache-maven-3.8.1\repo\org\junit\platform\junit-platform-suite-api\1.8.2\junit-platform-suite-api-1.8.2.jar;C:\devEnv\apache-maven-3.8.1\repo\org\junit\platform\junit-platform-suite-engine\1.8.2\junit-platform-suite-engine-1.8.2.jar;C:\devEnv\apache-maven-3.8.1\repo\org\junit\platform\junit-platform-suite-commons\1.8.2\junit-platform-suite-commons-1.8.2.jar;C:\devEnv\apache-maven-3.8.1\repo\org\junit\platform\junit-platform-launcher\1.8.2\junit-platform-launcher-1.8.2.jar;C:\devEnv\apache-maven-3.8.1\repo\org\seleniumhq\selenium\selenium-java\2.47.1\selenium-java-2.47.1.jar;C:\devEnv\apache-maven-3.8.1\repo\org\seleniumhq\selenium\selenium-chrome-driver\2.47.1\selenium-chrome-driver-2.47.1.jar;C:\devEnv\apache-maven-3.8.1\repo\org\seleniumhq\selenium\selenium-remote-driver\2.47.1\selenium-remote-driver-2.47.1.jar;C:\devEnv\apache-maven-3.8.1\repo\cglib\cglib-nodep\2.1_3\cglib-nodep-2.1_3.jar;C:\devEnv\apache-maven-3.8.1\repo\com\google\code\gson\gson\2.3.1\gson-2.3.1.jar;C:\devEnv\apache-maven-3.8.1\repo\org\seleniumhq\selenium\selenium-api\2.47.1\selenium-api-2.47.1.jar;C:\devEnv\apache-maven-3.8.1\repo\com\google\guava\guava\18.0\guava-18.0.jar;C:\devEnv\apache-maven-3.8.1\repo\org\seleniumhq\selenium\selenium-edge-driver\2.47.1\selenium-edge-driver-2.47.1.jar;C:\devEnv\apache-maven-3.8.1\repo\commons-io\commons-io\2.4\commons-io-2.4.jar;C:\devEnv\apache-maven-3.8.1\repo\org\apache\commons\commons-exec\1.3\commons-exec-1.3.jar;C:\devEnv\apache-maven-3.8.1\repo\org\seleniumhq\selenium\selenium-htmlunit-driver\2.47.1\selenium-htmlunit-driver-2.47.1.jar;C:\devEnv\apache-maven-3.8.1\repo\net\sourceforge\htmlunit\htmlunit\2.17\htmlunit-2.17.jar;C:\devEnv\apache-maven-3.8.1\repo\xalan\xalan\2.7.2\xalan-2.7.2.jar;C:\devEnv\apache-maven-3.8.1\repo\xalan\serializer\2.7.2\serializer-2.7.2.jar;C:\devEnv\apache-maven-3.8.1\repo\org\apache\commons\commons-lang3\3.4\commons-lang3-3.4.jar;C:\devEnv\apache-maven-3.8.1\repo\org\apache\httpcomponents\httpmime\4.4.1\httpmime-4.4.1.jar;C:\devEnv\apache-maven-3.8.1\repo\commons-codec\commons-codec\1.10\commons-codec-1.10.jar;C:\devEnv\apache-maven-3.8.1\repo\net\sourceforge\htmlunit\htmlunit-core-js\2.17\htmlunit-core-js-2.17.jar;C:\devEnv\apache-maven-3.8.1\repo\xerces\xercesImpl\2.11.0\xercesImpl-2.11.0.jar;C:\devEnv\apache-maven-3.8.1\repo\xml-apis\xml-apis\1.4.01\xml-apis-1.4.01.jar;C:\devEnv\apache-maven-3.8.1\repo\net\sourceforge\nekohtml\nekohtml\1.9.22\nekohtml-1.9.22.jar;C:\devEnv\apache-maven-3.8.1\repo\net\sourceforge\cssparser\cssparser\0.9.16\cssparser-0.9.16.jar;C:\devEnv\apache-maven-3.8.1\repo\org\w3c\css\sac\1.3\sac-1.3.jar;C:\devEnv\apache-maven-3.8.1\repo\org\eclipse\jetty\websocket\websocket-client\9.2.11.v20150529\websocket-client-9.2.11.v20150529.jar;C:\devEnv\apache-maven-3.8.1\repo\org\eclipse\jetty\jetty-util\9.2.11.v20150529\jetty-util-9.2.11.v20150529.jar;C:\devEnv\apache-maven-3.8.1\repo\org\eclipse\jetty\jetty-io\9.2.11.v20150529\jetty-io-9.2.11.v20150529.jar;C:\devEnv\apache-maven-3.8.1\repo\org\eclipse\jetty\websocket\websocket-common\9.2.11.v20150529\websocket-common-9.2.11.v20150529.jar;C:\devEnv\apache-maven-3.8.1\repo\org\eclipse\jetty\websocket\websocket-api\9.2.11.v20150529\websocket-api-9.2.11.v20150529.jar;C:\devEnv\apache-maven-3.8.1\repo\org\apache\httpcomponents\httpclient\4.4.1\httpclient-4.4.1.jar;C:\devEnv\apache-maven-3.8.1\repo\org\apache\httpcomponents\httpcore\4.4.1\httpcore-4.4.1.jar;C:\devEnv\apache-maven-3.8.1\repo\org\seleniumhq\selenium\selenium-firefox-driver\2.47.1\selenium-firefox-driver-2.47.1.jar;C:\devEnv\apache-maven-3.8.1\repo\org\seleniumhq\selenium\selenium-ie-driver\2.47.1\selenium-ie-driver-2.47.1.jar;C:\devEnv\apache-maven-3.8.1\repo\net\java\dev\jna\jna\4.1.0\jna-4.1.0.jar;C:\devEnv\apache-maven-3.8.1\repo\net\java\dev\jna\jna-platform\4.1.0\jna-platform-4.1.0.jar;C:\devEnv\apache-maven-3.8.1\repo\org\seleniumhq\selenium\selenium-safari-driver\2.47.1\selenium-safari-driver-2.47.1.jar;C:\devEnv\apache-maven-3.8.1\repo\org\seleniumhq\selenium\selenium-support\2.47.1\selenium-support-2.47.1.jar;C:\devEnv\apache-maven-3.8.1\repo\org\webbitserver\webbit\0.4.14\webbit-0.4.14.jar;C:\devEnv\apache-maven-3.8.1\repo\io\netty\netty\3.5.2.Final\netty-3.5.2.Final.jar;C:\devEnv\apache-maven-3.8.1\repo\org\seleniumhq\selenium\selenium-leg-rc\2.47.1\selenium-leg-rc-2.47.1.jar;"/>
    <property name="java.vm.vendor" value="Oracle Corporation"/>
    <property name="sun.arch.data.model" value="64"/>
    <property name="user.variant" value=""/>
    <property name="java.vendor.url" value="https://java.oracle.com/"/>
    <property name="user.timezone" value="Europe/Paris"/>
    <property name="os.name" value="Windows 10"/>
    <property name="java.vm.specification.version" value="16"/>
    <property name="sun.java.launcher" value="SUN_STANDARD"/>
    <property name="user.country" value="FR"/>
    <property name="sun.boot.library.path" value="C:\Program Files\Java\jdk-16.0.1\bin"/>
    <property name="sun.java.command" value="C:\Users\Romain\AppData\Local\Temp\surefire18142531323888959149\surefirebooter8038978286583141742.jar C:\Users\Romain\AppData\Local\Temp\surefire18142531323888959149 2022-01-25T08-45-21_523-jvmRun1 surefire1966597739042002347tmp surefire_08331231513260334610tmp"/>
    <property name="jdk.debug" value="release"/>
    <property name="test" value="RunCucumberTests"/>
    <property name="surefire.test.class.path" value="C:\Users\Romain\Desktop\B3\JENKINS\projet final\java-jenkins\target\test-classes;C:\Users\Romain\Desktop\B3\JENKINS\projet final\java-jenkins\target\classes;C:\devEnv\apache-maven-3.8.1\repo\org\junit\jupiter\junit-jupiter\5.8.2\junit-jupiter-5.8.2.jar;C:\devEnv\apache-maven-3.8.1\repo\org\junit\jupiter\junit-jupiter-api\5.8.2\junit-jupiter-api-5.8.2.jar;C:\devEnv\apache-maven-3.8.1\repo\org\opentest4j\opentest4j\1.2.0\opentest4j-1.2.0.jar;C:\devEnv\apache-maven-3.8.1\repo\org\junit\platform\junit-platform-commons\1.8.2\junit-platform-commons-1.8.2.jar;C:\devEnv\apache-maven-3.8.1\repo\org\junit\jupiter\junit-jupiter-params\5.8.2\junit-jupiter-params-5.8.2.jar;C:\devEnv\apache-maven-3.8.1\repo\org\junit\jupiter\junit-jupiter-engine\5.8.2\junit-jupiter-engine-5.8.2.jar;C:\devEnv\apache-maven-3.8.1\repo\org\projectlombok\lombok\1.18.22\lombok-1.18.22.jar;C:\devEnv\apache-maven-3.8.1\repo\checkstyle\checkstyle\5.0\checkstyle-5.0.jar;C:\devEnv\apache-maven-3.8.1\repo\antlr\antlr\2.7.6\antlr-2.7.6.jar;C:\devEnv\apache-maven-3.8.1\repo\commons-beanutils\commons-beanutils-core\1.7.0\commons-beanutils-core-1.7.0.jar;C:\devEnv\apache-maven-3.8.1\repo\commons-collections\commons-collections\2.0\commons-collections-2.0.jar;C:\devEnv\apache-maven-3.8.1\repo\commons-cli\commons-cli\1.0\commons-cli-1.0.jar;C:\devEnv\apache-maven-3.8.1\repo\commons-lang\commons-lang\1.0\commons-lang-1.0.jar;C:\devEnv\apache-maven-3.8.1\repo\junit\junit\3.7\junit-3.7.jar;C:\devEnv\apache-maven-3.8.1\repo\commons-logging\commons-logging\1.0.3\commons-logging-1.0.3.jar;C:\devEnv\apache-maven-3.8.1\repo\com\google\collections\google-collections\0.9\google-collections-0.9.jar;C:\devEnv\apache-maven-3.8.1\repo\io\cucumber\cucumber-java\7.0.0\cucumber-java-7.0.0.jar;C:\devEnv\apache-maven-3.8.1\repo\io\cucumber\cucumber-core\7.0.0\cucumber-core-7.0.0.jar;C:\devEnv\apache-maven-3.8.1\repo\io\cucumber\cucumber-gherkin\7.0.0\cucumber-gherkin-7.0.0.jar;C:\devEnv\apache-maven-3.8.1\repo\io\cucumber\cucumber-gherkin-messages\7.0.0\cucumber-gherkin-messages-7.0.0.jar;C:\devEnv\apache-maven-3.8.1\repo\io\cucumber\messages\17.1.1\messages-17.1.1.jar;C:\devEnv\apache-maven-3.8.1\repo\io\cucumber\tag-expressions\4.0.2\tag-expressions-4.0.2.jar;C:\devEnv\apache-maven-3.8.1\repo\io\cucumber\cucumber-expressions\13.0.1\cucumber-expressions-13.0.1.jar;C:\devEnv\apache-maven-3.8.1\repo\io\cucumber\datatable\7.0.0\datatable-7.0.0.jar;C:\devEnv\apache-maven-3.8.1\repo\io\cucumber\cucumber-plugin\7.0.0\cucumber-plugin-7.0.0.jar;C:\devEnv\apache-maven-3.8.1\repo\io\cucumber\docstring\7.0.0\docstring-7.0.0.jar;C:\devEnv\apache-maven-3.8.1\repo\io\cucumber\html-formatter\17.0.0\html-formatter-17.0.0.jar;C:\devEnv\apache-maven-3.8.1\repo\io\cucumber\create-meta\6.0.1\create-meta-6.0.1.jar;C:\devEnv\apache-maven-3.8.1\repo\org\apiguardian\apiguardian-api\1.1.2\apiguardian-api-1.1.2.jar;C:\devEnv\apache-maven-3.8.1\repo\io\cucumber\cucumber-junit-platform-engine\7.0.0\cucumber-junit-platform-engine-7.0.0.jar;C:\devEnv\apache-maven-3.8.1\repo\org\junit\platform\junit-platform-engine\1.8.1\junit-platform-engine-1.8.1.jar;C:\devEnv\apache-maven-3.8.1\repo\org\junit\platform\junit-platform-suite\1.8.2\junit-platform-suite-1.8.2.jar;C:\devEnv\apache-maven-3.8.1\repo\org\junit\platform\junit-platform-suite-api\1.8.2\junit-platform-suite-api-1.8.2.jar;C:\devEnv\apache-maven-3.8.1\repo\org\junit\platform\junit-platform-suite-engine\1.8.2\junit-platform-suite-engine-1.8.2.jar;C:\devEnv\apache-maven-3.8.1\repo\org\junit\platform\junit-platform-suite-commons\1.8.2\junit-platform-suite-commons-1.8.2.jar;C:\devEnv\apache-maven-3.8.1\repo\org\junit\platform\junit-platform-launcher\1.8.2\junit-platform-launcher-1.8.2.jar;C:\devEnv\apache-maven-3.8.1\repo\org\seleniumhq\selenium\selenium-java\2.47.1\selenium-java-2.47.1.jar;C:\devEnv\apache-maven-3.8.1\repo\org\seleniumhq\selenium\selenium-chrome-driver\2.47.1\selenium-chrome-driver-2.47.1.jar;C:\devEnv\apache-maven-3.8.1\repo\org\seleniumhq\selenium\selenium-remote-driver\2.47.1\selenium-remote-driver-2.47.1.jar;C:\devEnv\apache-maven-3.8.1\repo\cglib\cglib-nodep\2.1_3\cglib-nodep-2.1_3.jar;C:\devEnv\apache-maven-3.8.1\repo\com\google\code\gson\gson\2.3.1\gson-2.3.1.jar;C:\devEnv\apache-maven-3.8.1\repo\org\seleniumhq\selenium\selenium-api\2.47.1\selenium-api-2.47.1.jar;C:\devEnv\apache-maven-3.8.1\repo\com\google\guava\guava\18.0\guava-18.0.jar;C:\devEnv\apache-maven-3.8.1\repo\org\seleniumhq\selenium\selenium-edge-driver\2.47.1\selenium-edge-driver-2.47.1.jar;C:\devEnv\apache-maven-3.8.1\repo\commons-io\commons-io\2.4\commons-io-2.4.jar;C:\devEnv\apache-maven-3.8.1\repo\org\apache\commons\commons-exec\1.3\commons-exec-1.3.jar;C:\devEnv\apache-maven-3.8.1\repo\org\seleniumhq\selenium\selenium-htmlunit-driver\2.47.1\selenium-htmlunit-driver-2.47.1.jar;C:\devEnv\apache-maven-3.8.1\repo\net\sourceforge\htmlunit\htmlunit\2.17\htmlunit-2.17.jar;C:\devEnv\apache-maven-3.8.1\repo\xalan\xalan\2.7.2\xalan-2.7.2.jar;C:\devEnv\apache-maven-3.8.1\repo\xalan\serializer\2.7.2\serializer-2.7.2.jar;C:\devEnv\apache-maven-3.8.1\repo\org\apache\commons\commons-lang3\3.4\commons-lang3-3.4.jar;C:\devEnv\apache-maven-3.8.1\repo\org\apache\httpcomponents\httpmime\4.4.1\httpmime-4.4.1.jar;C:\devEnv\apache-maven-3.8.1\repo\commons-codec\commons-codec\1.10\commons-codec-1.10.jar;C:\devEnv\apache-maven-3.8.1\repo\net\sourceforge\htmlunit\htmlunit-core-js\2.17\htmlunit-core-js-2.17.jar;C:\devEnv\apache-maven-3.8.1\repo\xerces\xercesImpl\2.11.0\xercesImpl-2.11.0.jar;C:\devEnv\apache-maven-3.8.1\repo\xml-apis\xml-apis\1.4.01\xml-apis-1.4.01.jar;C:\devEnv\apache-maven-3.8.1\repo\net\sourceforge\nekohtml\nekohtml\1.9.22\nekohtml-1.9.22.jar;C:\devEnv\apache-maven-3.8.1\repo\net\sourceforge\cssparser\cssparser\0.9.16\cssparser-0.9.16.jar;C:\devEnv\apache-maven-3.8.1\repo\org\w3c\css\sac\1.3\sac-1.3.jar;C:\devEnv\apache-maven-3.8.1\repo\org\eclipse\jetty\websocket\websocket-client\9.2.11.v20150529\websocket-client-9.2.11.v20150529.jar;C:\devEnv\apache-maven-3.8.1\repo\org\eclipse\jetty\jetty-util\9.2.11.v20150529\jetty-util-9.2.11.v20150529.jar;C:\devEnv\apache-maven-3.8.1\repo\org\eclipse\jetty\jetty-io\9.2.11.v20150529\jetty-io-9.2.11.v20150529.jar;C:\devEnv\apache-maven-3.8.1\repo\org\eclipse\jetty\websocket\websocket-common\9.2.11.v20150529\websocket-common-9.2.11.v20150529.jar;C:\devEnv\apache-maven-3.8.1\repo\org\eclipse\jetty\websocket\websocket-api\9.2.11.v20150529\websocket-api-9.2.11.v20150529.jar;C:\devEnv\apache-maven-3.8.1\repo\org\apache\httpcomponents\httpclient\4.4.1\httpclient-4.4.1.jar;C:\devEnv\apache-maven-3.8.1\repo\org\apache\httpcomponents\httpcore\4.4.1\httpcore-4.4.1.jar;C:\devEnv\apache-maven-3.8.1\repo\org\seleniumhq\selenium\selenium-firefox-driver\2.47.1\selenium-firefox-driver-2.47.1.jar;C:\devEnv\apache-maven-3.8.1\repo\org\seleniumhq\selenium\selenium-ie-driver\2.47.1\selenium-ie-driver-2.47.1.jar;C:\devEnv\apache-maven-3.8.1\repo\net\java\dev\jna\jna\4.1.0\jna-4.1.0.jar;C:\devEnv\apache-maven-3.8.1\repo\net\java\dev\jna\jna-platform\4.1.0\jna-platform-4.1.0.jar;C:\devEnv\apache-maven-3.8.1\repo\org\seleniumhq\selenium\selenium-safari-driver\2.47.1\selenium-safari-driver-2.47.1.jar;C:\devEnv\apache-maven-3.8.1\repo\org\seleniumhq\selenium\selenium-support\2.47.1\selenium-support-2.47.1.jar;C:\devEnv\apache-maven-3.8.1\repo\org\webbitserver\webbit\0.4.14\webbit-0.4.14.jar;C:\devEnv\apache-maven-3.8.1\repo\io\netty\netty\3.5.2.Final\netty-3.5.2.Final.jar;C:\devEnv\apache-maven-3.8.1\repo\org\seleniumhq\selenium\selenium-leg-rc\2.47.1\selenium-leg-rc-2.47.1.jar;"/>
    <property name="sun.cpu.endian" value="little"/>
    <property name="user.home" value="C:\Users\Romain"/>
    <property name="user.language" value="fr"/>
    <property name="java.specification.vendor" value="Oracle Corporation"/>
    <property name="java.version.date" value="2021-04-20"/>
    <property name="java.home" value="C:\Program Files\Java\jdk-16.0.1"/>
    <property name="file.separator" value="\"/>
    <property name="basedir" value="C:\Users\Romain\Desktop\B3\JENKINS\projet final\java-jenkins"/>
    <property name="java.vm.compressedOopsMode" value="Zero based"/>
    <property name="line.separator" value="&#10;"/>
    <property name="java.vm.specification.vendor" value="Oracle Corporation"/>
    <property name="java.specification.name" value="Java Platform API Specification"/>
    <property name="surefire.real.class.path" value="C:\Users\Romain\AppData\Local\Temp\surefire18142531323888959149\surefirebooter8038978286583141742.jar"/>
    <property name="user.script" value=""/>
    <property name="sun.management.compiler" value="HotSpot 64-Bit Tiered Compilers"/>
    <property name="java.runtime.version" value="16.0.1+9-24"/>
    <property name="user.name" value="Romain"/>
    <property name="path.separator" value=";"/>
    <property name="os.version" value="10.0"/>
    <property name="java.runtime.name" value="Java(TM) SE Runtime Environment"/>
    <property name="file.encoding" value="Cp1252"/>
    <property name="java.vm.name" value="Java HotSpot(TM) 64-Bit Server VM"/>
    <property name="localRepository" value="C:\devEnv\apache-maven-3.8.1\repo"/>
    <property name="java.vendor.url.bug" value="https://bugreport.java.com/bugreport/"/>
    <property name="java.io.tmpdir" value="C:\Users\Romain\AppData\Local\Temp\"/>
    <property name="java.version" value="16.0.1"/>
    <property name="user.dir" value="C:\Users\Romain\Desktop\B3\JENKINS\projet final\java-jenkins"/>
    <property name="os.arch" value="amd64"/>
    <property name="java.vm.specification.name" value="Java Virtual Machine Specification"/>
    <property name="sun.os.patch.level" value=""/>
    <property name="java.library.path" value="C:\Program Files\Java\jdk-16.0.1\bin;C:\WINDOWS\Sun\Java\bin;C:\WINDOWS\system32;C:\WINDOWS;C:\Program Files\Java\jdk-16.0.1\bin;C:\Users\Romain\AppData\Local\Android\Sdk\platform-tools;C:\Program Files (x86)\VMware\VMware Workstation\bin\;C:\Program Files (x86)\Razer\ChromaBroadcast\bin;C:\Program Files\Razer\ChromaBroadcast\bin;C:\Program Files\Microsoft MPI\Bin\;C:\Windows\system32;C:\Windows;C:\Windows\System32\Wbem;C:\Windows\System32\WindowsPowerShell\v1.0\;C:\Windows\System32\OpenSSH\;C:\Program Files\Microsoft SQL Server\130\Tools\Binn\;C:\Program Files (x86)\Microsoft SQL Server\150\DTS\Binn\;C:\Program Files (x86)\Microsoft SQL Server\140\Tools\Binn\;C:\Program Files\Microsoft SQL Server\140\Tools\Binn\;C:\Program Files (x86)\Microsoft SQL Server\140\DTS\Binn\;C:\Program Files\Microsoft SQL Server\140\DTS\Binn\;C:\Program Files\Microsoft SQL Server\Client SDK\ODBC\130\Tools\Binn\;C:\Program Files\NVIDIA Corporation\NVIDIA NvDLISR;C:\WINDOWS\system32;C:\WINDOWS;C:\WINDOWS\System32\Wbem;C:\WINDOWS\System32\WindowsPowerShell\v1.0\;C:\WINDOWS\System32\OpenSSH\;C:\composer;C:\wamp64\bin\php\php7.3.12;C:\Program Files\Git\cmd;C:\WINDOWS\system32\config\systemprofile\AppData\Local\Microsoft\WindowsApps;C:\flutter\bin;C:\Program Files\Symfony;C:\Program Files\dotnet\;C:\Program Files\PuTTY\;C:\Program Files (x86)\NVIDIA Corporation\PhysX\Common;C:\Program Files\nodejs\;C:\Program Files (x86)\dotnet\;C:\WINDOWS\system32;C:\WINDOWS;C:\WINDOWS\System32\Wbem;C:\WINDOWS\System32\WindowsPowerShell\v1.0\;C:\WINDOWS\System32\OpenSSH\;C:\Program Files\Microsoft SQL Server\Client SDK\ODBC\170\Tools\Binn\;C:\Program Files (x86)\Microsoft SQL Server\150\Tools\Binn\;C:\Program Files\Microsoft SQL Server\150\Tools\Binn\;C:\Program Files\Microsoft SQL Server\150\DTS\Binn\;C:\devEnv\apache-maven-3.8.1\bin;;C:\Program Files\Docker\Docker\resources\bin;C:\ProgramData\DockerDesktop\version-bin;C:\Users\Romain\AppData\Local\Programs\Python\Python38-32\Scripts\;C:\Users\Romain\AppData\Local\Programs\Python\Python38-32\;C:\Users\Romain\AppData\Local\Microsoft\WindowsApps;C:\Users\Romain\AppData\Local\Programs\Microsoft VS Code\bin;C:\Program Files\JetBrains\PyCharm Community Edition 2019.3.1\bin;;C:\PYTHON27;C:\flutter\bin;C:\Users\Romain\AppData\Roaming\Composer\vendor\bin;C:\Users\Romain\.dotnet\tools;C:\Program Files\JetBrains\JetBrains Rider 2020.2.3\bin;;C:\Users\Romain\AppData\Roaming\npm;C:\Program Files\Java\jdk-16.0.1\bin;C:\devEnv\apache-maven-3.8.1\bin;;C:\Program Files\JetBrains\IntelliJ IDEA Community Edition 2021.2.3\bin;;."/>
    <property name="java.vm.info" value="mixed mode, sharing"/>
    <property name="java.vendor" value="Oracle Corporation"/>
    <property name="java.vm.version" value="16.0.1+9-24"/>
    <property name="sun.io.unicode.encoding" value="UnicodeLittle"/>
    <property name="java.class.version" value="60.0"/>
  </properties>
  <testcase name="The shopping cart value is or is not equals to 8 ?" classname="Is the price of shopping cart equals to 8 ?" time="0.09">
    <system-out><![CDATA[
Scenario Outline: The shopping cart value is or is not equals to 8 ? &amp#27;[90m# features/PriceOfABooksLotOfOneBook.feature:4&amp#27;[0m
  &amp#27;[32mGiven &amp#27;[0m&amp#27;[32mthe shopping cart contains &amp#27;[0m&amp#27;[32m&amp#27;[1m1&amp#27;[0m&amp#27;[32m differents books&amp#27;[0m                &amp#27;[90m# com.tomyoannromain.javajenkins.StepDefinitions.theShoppingCartContainsDifferentsBooks(java.lang.Integer)&amp#27;[0m
  &amp#27;[32mWhen &amp#27;[0m&amp#27;[32mI ask if the price of shopping cart is equals to&amp#27;[0m              &amp#27;[90m# com.tomyoannromain.javajenkins.StepDefinitions.iAskIfThePriceOfShoppingCartIsEqualsTo()&amp#27;[0m
  &amp#27;[32mThen &amp#27;[0m&amp#27;[32mI should be told that the price is &amp#27;[0m&amp#27;[32m&amp#27;[1m8&amp#27;[0m&amp#27;[32m euros&amp#27;[0m                    &amp#27;[90m# com.tomyoannromain.javajenkins.StepDefinitions.iShouldBeToldThatThePriceIsEuros(java.lang.Double)&amp#27;[0m
]]></system-out>
  </testcase>
  <testcase name="The shopping cart value is or is not equals to 8 ?" classname="Is the price of shopping cart equals to 15.20 ?" time="0.008">
    <system-out><![CDATA[
Scenario Outline: The shopping cart value is or is not equals to 8 ? &amp#27;[90m# features/PriceOfABooksLotOfTwoBooks.feature:4&amp#27;[0m
  &amp#27;[32mGiven &amp#27;[0m&amp#27;[32mthe shopping cart contains &amp#27;[0m&amp#27;[32m&amp#27;[1m2&amp#27;[0m&amp#27;[32m differents books&amp#27;[0m                &amp#27;[90m# com.tomyoannromain.javajenkins.StepDefinitions.theShoppingCartContainsDifferentsBooks(java.lang.Integer)&amp#27;[0m
  &amp#27;[32mWhen &amp#27;[0m&amp#27;[32mI ask if the price of shopping cart is equals to&amp#27;[0m              &amp#27;[90m# com.tomyoannromain.javajenkins.StepDefinitions.iAskIfThePriceOfShoppingCartIsEqualsTo()&amp#27;[0m
  &amp#27;[32mThen &amp#27;[0m&amp#27;[32mI should be told that the price is &amp#27;[0m&amp#27;[32m&amp#27;[1m15.20&amp#27;[0m&amp#27;[32m euros&amp#27;[0m                &amp#27;[90m# com.tomyoannromain.javajenkins.StepDefinitions.iShouldBeToldThatThePriceIsEuros(java.lang.Double)&amp#27;[0m
]]></system-out>
  </testcase>
</testsuite>